c:\work\program\openglproject\openglproject\release\vc143.pdb
c:\work\program\openglproject\openglproject\release\testclearcolor.obj
c:\work\program\openglproject\openglproject\release\test.obj
c:\work\program\openglproject\openglproject\release\texture.obj
c:\work\program\openglproject\openglproject\release\vertexbuffer.obj
c:\work\program\openglproject\openglproject\release\vertexarray.obj
c:\work\program\openglproject\openglproject\release\std_image.obj
c:\work\program\openglproject\openglproject\release\imgui_impl_glfw_gl3.obj
c:\work\program\openglproject\openglproject\release\imgui_draw.obj
c:\work\program\openglproject\openglproject\release\imgui_demo.obj
c:\work\program\openglproject\openglproject\release\imgui.obj
c:\work\program\openglproject\openglproject\release\glm.obj
c:\work\program\openglproject\openglproject\release\testtexture2d.obj
c:\work\program\openglproject\openglproject\release\shaderprogram.obj
c:\work\program\openglproject\openglproject\release\renderer.obj
c:\work\program\openglproject\openglproject\release\indexbuffer.obj
c:\work\program\openglproject\openglproject\release\application.obj
c:\work\program\openglproject\openglproject\release\openglproject.tlog\cl.command.1.tlog
c:\work\program\openglproject\openglproject\release\openglproject.tlog\cl.read.1.tlog
c:\work\program\openglproject\openglproject\release\openglproject.tlog\cl.write.1.tlog
c:\work\program\openglproject\openglproject\release\openglproject.tlog\link.command.1.tlog
c:\work\program\openglproject\openglproject\release\openglproject.tlog\link.read.1.tlog
c:\work\program\openglproject\openglproject\release\openglproject.tlog\link.write.1.tlog
